2018-07-12 16:07:43,292 - Initializing Velocity, Calling init()...
2018-07-12 16:07:43,292 - Starting Apache Velocity v1.7 (compiled: 2010-11-19 12:14:37)
2018-07-12 16:07:43,292 - Default Properties File: org\apache\velocity\runtime\defaults\velocity.properties
2018-07-12 16:07:43,292 - Trying to use logger class org.apache.velocity.runtime.log.AvalonLogChute
2018-07-12 16:07:43,292 - Target log system for org.apache.velocity.runtime.log.AvalonLogChute is not available (java.lang.NoClassDefFoundError: org/apache/log/format/Formatter).  Falling back to next log system...
2018-07-12 16:07:43,292 - Trying to use logger class org.apache.velocity.runtime.log.Log4JLogChute
2018-07-12 16:07:43,292 - Using logger class org.apache.velocity.runtime.log.Log4JLogChute
2018-07-12 16:07:43,295 - ResourceLoader instantiated: org.apache.velocity.runtime.resource.loader.ClasspathResourceLoader
2018-07-12 16:07:43,308 - ResourceCache: initialized (class org.apache.velocity.runtime.resource.ResourceCacheImpl) with class java.util.Collections$SynchronizedMap cache map.
2018-07-12 16:07:43,309 - Loaded System Directive: org.apache.velocity.runtime.directive.Stop
2018-07-12 16:07:43,310 - Loaded System Directive: org.apache.velocity.runtime.directive.Define
2018-07-12 16:07:43,311 - Loaded System Directive: org.apache.velocity.runtime.directive.Break
2018-07-12 16:07:43,311 - Loaded System Directive: org.apache.velocity.runtime.directive.Evaluate
2018-07-12 16:07:43,312 - Loaded System Directive: org.apache.velocity.runtime.directive.Literal
2018-07-12 16:07:43,313 - Loaded System Directive: org.apache.velocity.runtime.directive.Macro
2018-07-12 16:07:43,315 - Loaded System Directive: org.apache.velocity.runtime.directive.Parse
2018-07-12 16:07:43,316 - Loaded System Directive: org.apache.velocity.runtime.directive.Include
2018-07-12 16:07:43,317 - Loaded System Directive: org.apache.velocity.runtime.directive.Foreach
2018-07-12 16:07:43,357 - Created '20' parsers.
2018-07-12 16:07:43,362 - Velocimacro : "velocimacro.library" is not set.  Trying default library: VM_global_library.vm
2018-07-12 16:07:43,363 - Could not load resource 'VM_global_library.vm' from ResourceLoader org.apache.velocity.runtime.resource.loader.ClasspathResourceLoader: ClasspathResourceLoader Error: cannot find resource VM_global_library.vm
2018-07-12 16:07:43,363 - Velocimacro : Default library not found.
2018-07-12 16:07:43,363 - Velocimacro : allowInline = true : VMs can be defined inline in templates
2018-07-12 16:07:43,363 - Velocimacro : allowInlineToOverride = false : VMs defined inline may NOT replace previous VM definitions
2018-07-12 16:07:43,363 - Velocimacro : allowInlineLocal = false : VMs defined inline will be global in scope if allowed.
2018-07-12 16:07:43,363 - Velocimacro : autoload off : VM system will not automatically reload global library macros
2018-07-12 16:07:43,373 - ResourceManager : found /StudentEmailTemplate.vm with loader org.apache.velocity.runtime.resource.loader.ClasspathResourceLoader
2018-07-12 16:07:43,375 - ResourceManager : found /StudentEmailTemplate.vm with loader org.apache.velocity.runtime.resource.loader.ClasspathResourceLoader
2018-07-12 16:07:44,437 - Log4JLogChute initialized using file 'velocity.log'
2018-07-12 16:07:44,438 - Initializing Velocity, Calling init()...
2018-07-12 16:07:44,438 - Starting Apache Velocity v1.7 (compiled: 2010-11-19 12:14:37)
2018-07-12 16:07:44,438 - Default Properties File: org\apache\velocity\runtime\defaults\velocity.properties
2018-07-12 16:07:44,438 - Trying to use logger class org.apache.velocity.runtime.log.AvalonLogChute
2018-07-12 16:07:44,438 - Target log system for org.apache.velocity.runtime.log.AvalonLogChute is not available (java.lang.NoClassDefFoundError: org/apache/log/format/Formatter).  Falling back to next log system...
2018-07-12 16:07:44,438 - Trying to use logger class org.apache.velocity.runtime.log.Log4JLogChute
2018-07-12 16:07:44,438 - Using logger class org.apache.velocity.runtime.log.Log4JLogChute
2018-07-12 16:07:44,438 - ResourceLoader instantiated: org.apache.velocity.runtime.resource.loader.ClasspathResourceLoader
2018-07-12 16:07:44,438 - ResourceCache: initialized (class org.apache.velocity.runtime.resource.ResourceCacheImpl) with class java.util.Collections$SynchronizedMap cache map.
2018-07-12 16:07:44,438 - Loaded System Directive: org.apache.velocity.runtime.directive.Stop
2018-07-12 16:07:44,438 - Loaded System Directive: org.apache.velocity.runtime.directive.Define
2018-07-12 16:07:44,438 - Loaded System Directive: org.apache.velocity.runtime.directive.Break
2018-07-12 16:07:44,438 - Loaded System Directive: org.apache.velocity.runtime.directive.Evaluate
2018-07-12 16:07:44,438 - Loaded System Directive: org.apache.velocity.runtime.directive.Literal
2018-07-12 16:07:44,438 - Loaded System Directive: org.apache.velocity.runtime.directive.Macro
2018-07-12 16:07:44,438 - Loaded System Directive: org.apache.velocity.runtime.directive.Parse
2018-07-12 16:07:44,438 - Loaded System Directive: org.apache.velocity.runtime.directive.Include
2018-07-12 16:07:44,438 - Loaded System Directive: org.apache.velocity.runtime.directive.Foreach
2018-07-12 16:07:44,439 - Created '20' parsers.
2018-07-12 16:07:44,439 - Velocimacro : "velocimacro.library" is not set.  Trying default library: VM_global_library.vm
2018-07-12 16:07:44,440 - Could not load resource 'VM_global_library.vm' from ResourceLoader org.apache.velocity.runtime.resource.loader.ClasspathResourceLoader: ClasspathResourceLoader Error: cannot find resource VM_global_library.vm
2018-07-12 16:07:44,440 - Velocimacro : Default library not found.
2018-07-12 16:07:44,440 - Velocimacro : allowInline = true : VMs can be defined inline in templates
2018-07-12 16:07:44,440 - Velocimacro : allowInlineToOverride = false : VMs defined inline may NOT replace previous VM definitions
2018-07-12 16:07:44,440 - Velocimacro : allowInlineLocal = false : VMs defined inline will be global in scope if allowed.
2018-07-12 16:07:44,440 - Velocimacro : autoload off : VM system will not automatically reload global library macros
2018-07-12 16:07:44,440 - ResourceManager : found /ParentEmailTemplate.vm with loader org.apache.velocity.runtime.resource.loader.ClasspathResourceLoader
2018-07-12 16:07:44,441 - ResourceManager : found /ParentEmailTemplate.vm with loader org.apache.velocity.runtime.resource.loader.ClasspathResourceLoader
with loader org.apache.velocity.runtime.resource.loader.ClasspathResourceLoader
2018-07-12 16:07:44,441 - ResourceManager : found /ParentEmailTemplate.vm with loader org.apache.velocity.runtime.resource.loader.ClasspathResourceLoader
